<?xml version="1.0" encoding="UTF-8"?>
<!-- Generated by org.testng.reporters.JUnitReportReporter -->
<testsuite hostname="DESKTOP-OAPCJLL" name="com.crm.qa.testcases.Homepagetest" tests="2" failures="0" timestamp="9 May 2019 02:29:11 GMT" time="39.085" errors="0">
  <testcase name="usernamelabletest" time="20.981" classname="com.crm.qa.testcases.Homepagetest"/>
  <testcase name="contactslinktest" time="18.104" classname="com.crm.qa.testcases.Homepagetest"/>
</testsuite> <!-- com.crm.qa.testcases.Homepagetest -->
