<?xml version="1.0" encoding="UTF-8"?>
<!-- Generated by org.testng.reporters.JUnitReportReporter -->
<testsuite hostname="DESKTOP-OAPCJLL" name="com.crm.qa.testcases.Loginpagetest" tests="3" failures="0" timestamp="9 May 2019 02:29:11 GMT" time="31.363" errors="0">
  <testcase name="loginpagetest" time="15.563" classname="com.crm.qa.testcases.Loginpagetest"/>
  <testcase name="loginpagetitletest" time="7.193" classname="com.crm.qa.testcases.Loginpagetest"/>
  <testcase name="crmlogotest" time="8.607" classname="com.crm.qa.testcases.Loginpagetest"/>
</testsuite> <!-- com.crm.qa.testcases.Loginpagetest -->
