<?xml version="1.0" encoding="UTF-8"?>
<!-- Generated by org.testng.reporters.JUnitReportReporter -->
<testsuite hostname="DESKTOP-OAPCJLL" name="com.crm.qa.testcases.Loginpagetest" tests="3" failures="0" timestamp="10 May 2019 02:05:23 GMT" time="32.300" errors="0">
  <testcase name="loginpagetitletest" time="7.678" classname="com.crm.qa.testcases.Loginpagetest"/>
  <testcase name="loginpagetest" time="17.032" classname="com.crm.qa.testcases.Loginpagetest"/>
  <testcase name="crmlogotest" time="7.590" classname="com.crm.qa.testcases.Loginpagetest"/>
</testsuite> <!-- com.crm.qa.testcases.Loginpagetest -->
