<?xml version="1.0" encoding="UTF-8"?>
<!-- Generated by org.testng.reporters.JUnitReportReporter -->
<testsuite hostname="DESKTOP-OAPCJLL" name="com.crm.qa.testcases.Homepagetest" tests="2" failures="0" timestamp="10 May 2019 02:05:23 GMT" time="30.644" errors="0">
  <testcase name="contactslinktest" time="15.650" classname="com.crm.qa.testcases.Homepagetest"/>
  <testcase name="usernamelabletest" time="14.994" classname="com.crm.qa.testcases.Homepagetest"/>
</testsuite> <!-- com.crm.qa.testcases.Homepagetest -->
