<?xml version="1.0" encoding="UTF-8"?>
<!-- Generated by org.testng.reporters.JUnitReportReporter -->
<testsuite hostname="DESKTOP-OAPCJLL" name="com.crm.qa.testcases.Contactspagetest" tests="5" failures="0" timestamp="10 May 2019 02:05:23 GMT" time="107.496" errors="0">
  <testcase name="selectcontactbynametest" time="18.798" classname="com.crm.qa.testcases.Contactspagetest"/>
  <testcase name="validatecreatenewcontact" time="27.015" classname="com.crm.qa.testcases.Contactspagetest"/>
  <testcase name="contactslabletest" time="15.869" classname="com.crm.qa.testcases.Contactspagetest"/>
  <testcase name="validatecreatenewcontact" time="22.786" classname="com.crm.qa.testcases.Contactspagetest"/>
  <testcase name="validatecreatenewcontact" time="23.028" classname="com.crm.qa.testcases.Contactspagetest"/>
</testsuite> <!-- com.crm.qa.testcases.Contactspagetest -->
